<?xml version="1.0" encoding="UTF-8"?>
<!-- Generated by org.testng.reporters.JUnitReportReporter -->
<testsuite hostname="Aneetha" failures="0" tests="1" name="testcases.HomeLoanTest" time="0.005" errors="0" timestamp="23 Apr 2023 05:50:06 GMT" skipped="0">
  <testcase classname="testcases.HomeLoanTest" name="test2" time="0.005"/>
</testsuite> <!-- testcases.HomeLoanTest -->
