<?xml version="1.0" encoding="UTF-8"?>
<!-- Generated by org.testng.reporters.JUnitReportReporter -->
<testsuite hostname="Aneetha" failures="0" tests="1" name="testcases.CarLoanTest" time="0.002" errors="0" timestamp="23 Apr 2023 04:15:27 GMT" skipped="0">
  <testcase classname="testcases.CarLoanTest" name="test3" time="0.002"/>
</testsuite> <!-- testcases.CarLoanTest -->
